Using pre-set license
Built from '2020.3/release' branch; Version is '2020.3.12f1 (b3b2c6512326) revision 11776710'; Using compiler version '192528614'; Build Type 'Release'
OS: 'Windows 10 Home Single Language; OS build 19045.2965; Version 2009; 64bit' Language: 'ru' Physical Memory: 8075 MB
BatchMode: 1, IsHumanControllingUs: 0, StartBugReporterOnCrash: 0, Is64bit: 1, IsPro: 0

 COMMAND LINE ARGUMENTS:
C:\Program Files\Unity\Editor\Unity.exe
-adb2
-batchMode
-noUpm
-name
AssetImportWorker0
-projectPath
C:/Users/fink7/HomeWorkUI
-logFile
Logs/AssetImportWorker0.log
-srvPort
62063
Successfully changed project path to: C:/Users/fink7/HomeWorkUI
C:/Users/fink7/HomeWorkUI
Using Asset Import Pipeline V2.
Refreshing native plugins compatible for Editor in 88.13 ms, found 2 plugins.
Preloading 0 native plugins for Editor in 0.00 ms.
Initialize engine version: 2020.3.12f1 (b3b2c6512326)
[Subsystems] Discovering subsystems at path C:/Program Files/Unity/Editor/Data/Resources/UnitySubsystems
[Subsystems] Discovering subsystems at path C:/Users/fink7/HomeWorkUI/Assets
GfxDevice: creating device client; threaded=0
Direct3D:
    Version:  Direct3D 11.0 [level 11.1]
    Renderer: NVIDIA GeForce GTX 1050 Ti (ID=0x1c8c)
    Vendor:   
    VRAM:     4029 MB
    Driver:   23.21.13.8816
Shader 'Universal Render Pipeline/Particles/Lit': fallback shader 'Universal Render Pipeline/Particles/SimpleLit' not found
Initialize mono
Mono path[0] = 'C:/Program Files/Unity/Editor/Data/Managed'
Mono path[1] = 'C:/Program Files/Unity/Editor/Data/MonoBleedingEdge/lib/mono/unityjit'
Mono config path = 'C:/Program Files/Unity/Editor/Data/MonoBleedingEdge/etc'
Using monoOptions --debugger-agent=transport=dt_socket,embedding=1,server=y,suspend=n,address=127.0.0.1:56136
Begin MonoManager ReloadAssembly
Registering precompiled unity dll's ...
Register platform support module: C:/Program Files/Unity/Editor/Data/PlaybackEngines/WebGLSupport/UnityEditor.WebGL.Extensions.dll
Register platform support module: C:/Program Files/Unity/Editor/Data/PlaybackEngines/WindowsStandaloneSupport/UnityEditor.WindowsStandalone.Extensions.dll
Registered in 0.004526 seconds.
Native extension for WindowsStandalone target not found
Native extension for WebGL target not found
Refreshing native plugins compatible for Editor in 90.41 ms, found 2 plugins.
Preloading 0 native plugins for Editor in 0.00 ms.
Mono: successfully reloaded assembly
- Completed reload, in  3.046 seconds
Platform modules already initialized, skipping
Registering precompiled user dll's ...
Registered in 0.021505 seconds.
Begin MonoManager ReloadAssembly
Native extension for WindowsStandalone target not found
Native extension for WebGL target not found
Refreshing native plugins compatible for Editor in 83.64 ms, found 2 plugins.
Preloading 0 native plugins for Editor in 0.00 ms.
Mono: successfully reloaded assembly
- Completed reload, in  1.744 seconds
Platform modules already initialized, skipping
========================================================================
Worker process is ready to serve import requests
Shader 'Universal Render Pipeline/Particles/Lit': fallback shader 'Universal Render Pipeline/Particles/SimpleLit' not found
Launched and connected shader compiler UnityShaderCompiler.exe after 0.07 seconds
Refreshing native plugins compatible for Editor in 0.73 ms, found 2 plugins.
Preloading 0 native plugins for Editor in 0.00 ms.
Unloading 3132 Unused Serialized files (Serialized files now loaded: 0)
System memory in use before: 221.7 MB.
System memory in use after: 221.9 MB.

Unloading 25 unused Assets to reduce memory usage. Loaded Objects now: 3595.
Total: 2.869700 ms (FindLiveObjects: 0.405600 ms CreateObjectMapping: 0.215200 ms MarkObjects: 2.106400 ms  DeleteObjects: 0.141500 ms)

AssetImportParameters requested are different than current active one (requested -> active):
  custom:framework-win-MediaFoundation: 216162199b28c13a410421893ffa2e32 -> 
  custom:video-decoder-ogg-theora: a1e56fd34408186e4bbccfd4996cb3dc -> 
  custom:container-muxer-webm: aa71ff27fc2769a1b78a27578f13a17b -> 
  custom:container-demuxer-webm: 4f35f7cbe854078d1ac9338744f61a02 -> 
  custom:container-demuxer-ogg: 62fdf1f143b41e24485cea50d1cbac27 -> 
  custom:video-encoder-webm-vp8: eb34c28f22e8b96e1ab97ce403110664 -> 
  custom:video-decoder-webm-vp8: 9c59270c3fd7afecdb556c50c9e8de78 -> 
  custom:audio-decoder-ogg-vorbis: bf7c407c2cedff20999df2af8eb42d56 -> 
  custom:audio-encoder-webm-vorbis: bf7c407c2cedff20999df2af8eb42d56 -> 
========================================================================
Received Import Request.
  path: Assets/Scripts/UI/Presenters/WeaponInfoPresenter.cs
  artifactKey: Guid(b935088b726e45778713632cac0feefb) Importer(815301076,1909f56bfc062723c751e8b465ee728b)
Start importing Assets/Scripts/UI/Presenters/WeaponInfoPresenter.cs using Guid(b935088b726e45778713632cac0feefb) Importer(815301076,1909f56bfc062723c751e8b465ee728b)  -> (artifact id: 'fa947e5190fcde03c11005dee19c0a56') in 0.071903 seconds 
  Import took 0.080186 seconds .

========================================================================
Received Import Request.
  Time since last request: 15.401183 seconds.
  path: Assets/Plugins/Zenject/OptionalExtras/IntegrationTests/SceneContractTests/Decorators/Scene1.unity
  artifactKey: Guid(9561978599724fa4695e4683cf4af028) Importer(815301076,1909f56bfc062723c751e8b465ee728b)
Start importing Assets/Plugins/Zenject/OptionalExtras/IntegrationTests/SceneContractTests/Decorators/Scene1.unity using Guid(9561978599724fa4695e4683cf4af028) Importer(815301076,1909f56bfc062723c751e8b465ee728b)  -> (artifact id: '07bce19181a327e8aa3cbc857c7bed78') in 0.024804 seconds 
  Import took 0.031548 seconds .

========================================================================
Received Import Request.
  Time since last request: 3.515848 seconds.
  path: Assets/Plugins/Zenject/OptionalExtras/IntegrationTests/SceneContractTests/AutoLoader/Scene2.unity
  artifactKey: Guid(e290c5ee5cba76840b3564b4fc30737c) Importer(815301076,1909f56bfc062723c751e8b465ee728b)
Start importing Assets/Plugins/Zenject/OptionalExtras/IntegrationTests/SceneContractTests/AutoLoader/Scene2.unity using Guid(e290c5ee5cba76840b3564b4fc30737c) Importer(815301076,1909f56bfc062723c751e8b465ee728b)  -> (artifact id: 'd33d7e2ab222af4851dd99463e8a0de5') in 0.010859 seconds 
  Import took 0.018814 seconds .

========================================================================
Received Import Request.
  Time since last request: 3.523852 seconds.
  path: Assets/Plugins/Zenject/OptionalExtras/IntegrationTests/SceneContractTests/AutoLoader/Scene3.unity
  artifactKey: Guid(faa2053ed94777648896eb4be8f2b5c1) Importer(815301076,1909f56bfc062723c751e8b465ee728b)
Start importing Assets/Plugins/Zenject/OptionalExtras/IntegrationTests/SceneContractTests/AutoLoader/Scene3.unity using Guid(faa2053ed94777648896eb4be8f2b5c1) Importer(815301076,1909f56bfc062723c751e8b465ee728b)  -> (artifact id: '9004087066f943e77a410edda9e060ef') in 0.011489 seconds 
  Import took 0.018740 seconds .

========================================================================
Received Import Request.
  Time since last request: 3.928926 seconds.
  path: Assets/Plugins/Zenject/OptionalExtras/IntegrationTests/SceneTests/TestDestructionOrder/EmptyScene.unity
  artifactKey: Guid(f0b451bb575d6874db7cdbcfb24a45de) Importer(815301076,1909f56bfc062723c751e8b465ee728b)
Start importing Assets/Plugins/Zenject/OptionalExtras/IntegrationTests/SceneTests/TestDestructionOrder/EmptyScene.unity using Guid(f0b451bb575d6874db7cdbcfb24a45de) Importer(815301076,1909f56bfc062723c751e8b465ee728b)  -> (artifact id: 'a37e1c2ef58e0e633d9e83cdc605a3b7') in 0.012158 seconds 
  Import took 0.018599 seconds .

========================================================================
Received Import Request.
  Time since last request: 87.053815 seconds.
  path: Assets/Scripts/Gameplay/Weapon Controller Scripts/WeaponBase.cs
  artifactKey: Guid(ab16bd73384078646bcabe12387d3494) Importer(815301076,1909f56bfc062723c751e8b465ee728b)
Start importing Assets/Scripts/Gameplay/Weapon Controller Scripts/WeaponBase.cs using Guid(ab16bd73384078646bcabe12387d3494) Importer(815301076,1909f56bfc062723c751e8b465ee728b)  -> (artifact id: '0a6cd6b250663fd120c7353283358eea') in 0.008825 seconds 
  Import took 0.016034 seconds .

========================================================================
Received Import Request.
  Time since last request: 0.044546 seconds.
  path: Assets/Scripts/Gameplay/Weapon Controller Scripts/WeaponBase.cs
  artifactKey: Guid(ab16bd73384078646bcabe12387d3494) Importer(815301076,1909f56bfc062723c751e8b465ee728b)
Start importing Assets/Scripts/Gameplay/Weapon Controller Scripts/WeaponBase.cs using Guid(ab16bd73384078646bcabe12387d3494) Importer(815301076,1909f56bfc062723c751e8b465ee728b)  -> (artifact id: '0a6cd6b250663fd120c7353283358eea') in 0.004883 seconds 
  Import took 0.012278 seconds .

========================================================================
Received Prepare
Registering precompiled user dll's ...
Registered in 0.026251 seconds.
Begin MonoManager ReloadAssembly
Native extension for WindowsStandalone target not found
Native extension for WebGL target not found
Refreshing native plugins compatible for Editor in 0.80 ms, found 2 plugins.
Preloading 0 native plugins for Editor in 0.00 ms.
Mono: successfully reloaded assembly
- Completed reload, in  1.951 seconds
Platform modules already initialized, skipping
Switching build target platform(19) subTarget(0) extendedPlatform(0) -> platform(13) subTarget(537395200) extendedPlatform(0)
Shader 'Universal Render Pipeline/Particles/Lit': fallback shader 'Universal Render Pipeline/Particles/SimpleLit' not found
Refreshing native plugins compatible for Editor in 0.80 ms, found 2 plugins.
Preloading 0 native plugins for Editor in 0.00 ms.
Unloading 3060 Unused Serialized files (Serialized files now loaded: 0)
System memory in use before: 213.3 MB.
System memory in use after: 213.5 MB.

Unloading 21 unused Assets to reduce memory usage. Loaded Objects now: 3598.
Total: 3.071400 ms (FindLiveObjects: 0.380600 ms CreateObjectMapping: 0.225800 ms MarkObjects: 2.372100 ms  DeleteObjects: 0.090100 ms)

AssetImportParameters requested are different than current active one (requested -> active):
  custom:framework-win-MediaFoundation: 216162199b28c13a410421893ffa2e32 -> 
  custom:video-decoder-ogg-theora: a1e56fd34408186e4bbccfd4996cb3dc -> 
  custom:container-muxer-webm: aa71ff27fc2769a1b78a27578f13a17b -> 
  custom:container-demuxer-webm: 4f35f7cbe854078d1ac9338744f61a02 -> 
  custom:container-demuxer-ogg: 62fdf1f143b41e24485cea50d1cbac27 -> 
  custom:video-encoder-webm-vp8: eb34c28f22e8b96e1ab97ce403110664 -> 
  custom:video-decoder-webm-vp8: 9c59270c3fd7afecdb556c50c9e8de78 -> 
  custom:graphics/normal-map-encoding: 01000000000000000000000000000000 -> 02000000000000000000000000000000
  custom:audio-decoder-ogg-vorbis: bf7c407c2cedff20999df2af8eb42d56 -> 
  custom:audio-encoder-webm-vorbis: bf7c407c2cedff20999df2af8eb42d56 -> 
========================================================================
Received Import Request.
  Time since last request: 132.209728 seconds.
  path: Assets/Scripts/Gameplay/Weapon Controller Scripts/Gun.cs
  artifactKey: Guid(c5ac530b57802f64bb6afcbed10357ea) Importer(815301076,1909f56bfc062723c751e8b465ee728b)
Start importing Assets/Scripts/Gameplay/Weapon Controller Scripts/Gun.cs using Guid(c5ac530b57802f64bb6afcbed10357ea) Importer(815301076,1909f56bfc062723c751e8b465ee728b)  -> (artifact id: 'a4e9f42717e04cebfce720d39ae749b3') in 0.014678 seconds 
  Import took 0.023388 seconds .

========================================================================
Received Import Request.
  Time since last request: 0.004372 seconds.
  path: Assets/Scripts/Gameplay/Weapon Controller Scripts/Gun.cs
  artifactKey: Guid(c5ac530b57802f64bb6afcbed10357ea) Importer(815301076,1909f56bfc062723c751e8b465ee728b)
Start importing Assets/Scripts/Gameplay/Weapon Controller Scripts/Gun.cs using Guid(c5ac530b57802f64bb6afcbed10357ea) Importer(815301076,1909f56bfc062723c751e8b465ee728b)  -> (artifact id: 'a4e9f42717e04cebfce720d39ae749b3') in 0.003711 seconds 
  Import took 0.010529 seconds .

========================================================================
Received Import Request.
  Time since last request: 1.714109 seconds.
  path: Assets/Scripts/Gameplay/Weapon Controller Scripts/Mashinegun.cs
  artifactKey: Guid(eadb5769ac9ba444eb3fc69ded6bdbf6) Importer(815301076,1909f56bfc062723c751e8b465ee728b)
Start importing Assets/Scripts/Gameplay/Weapon Controller Scripts/Mashinegun.cs using Guid(eadb5769ac9ba444eb3fc69ded6bdbf6) Importer(815301076,1909f56bfc062723c751e8b465ee728b)  -> (artifact id: 'e5de5c9b39d148ddc59e667bd95af624') in 0.009155 seconds 
  Import took 0.016843 seconds .

========================================================================
Received Import Request.
  Time since last request: 0.009632 seconds.
  path: Assets/Scripts/Gameplay/Weapon Controller Scripts/Mashinegun.cs
  artifactKey: Guid(eadb5769ac9ba444eb3fc69ded6bdbf6) Importer(815301076,1909f56bfc062723c751e8b465ee728b)
Start importing Assets/Scripts/Gameplay/Weapon Controller Scripts/Mashinegun.cs using Guid(eadb5769ac9ba444eb3fc69ded6bdbf6) Importer(815301076,1909f56bfc062723c751e8b465ee728b)  -> (artifact id: 'e5de5c9b39d148ddc59e667bd95af624') in 0.004048 seconds 
  Import took 0.010639 seconds .

========================================================================
Received Import Request.
  Time since last request: 2.240905 seconds.
  path: Assets/Scripts/Gameplay/Weapon Controller Scripts/ConfigHolder.cs
  artifactKey: Guid(758a7fe98efa4fa2a4c30b4b1423df5f) Importer(815301076,1909f56bfc062723c751e8b465ee728b)
Start importing Assets/Scripts/Gameplay/Weapon Controller Scripts/ConfigHolder.cs using Guid(758a7fe98efa4fa2a4c30b4b1423df5f) Importer(815301076,1909f56bfc062723c751e8b465ee728b)  -> (artifact id: '859cbf3475805a65cc1255409ba85666') in 0.012900 seconds 
  Import took 0.020248 seconds .

========================================================================
Received Import Request.
  Time since last request: 0.004396 seconds.
  path: Assets/Scripts/Gameplay/Weapon Controller Scripts/ConfigHolder.cs
  artifactKey: Guid(758a7fe98efa4fa2a4c30b4b1423df5f) Importer(815301076,1909f56bfc062723c751e8b465ee728b)
Start importing Assets/Scripts/Gameplay/Weapon Controller Scripts/ConfigHolder.cs using Guid(758a7fe98efa4fa2a4c30b4b1423df5f) Importer(815301076,1909f56bfc062723c751e8b465ee728b)  -> (artifact id: '859cbf3475805a65cc1255409ba85666') in 0.004038 seconds 
  Import took 0.011246 seconds .

AssetImportWorkerClient::OnTransportError - code=2 error=End of file
